<?xml version="1.0" encoding="UTF-8"?>
<!-- Generated by org.testng.reporters.JUnitReportReporter -->
<testsuite hostname="Arun" failures="0" tests="4" name="test.TC_002_LoginTest" time="23.295" errors="0" timestamp="2025-05-21T16:07:59 IST" skipped="0">
  <testcase classname="test.TC_002_LoginTest" name="loginTest" time="3.960"/>
  <testcase classname="test.TC_002_LoginTest" name="loginTest" time="8.681"/>
  <testcase classname="test.TC_002_LoginTest" name="loginTest" time="4.433"/>
  <testcase classname="test.TC_002_LoginTest" name="loginTest" time="6.221"/>
</testsuite> <!-- test.TC_002_LoginTest -->
