<?xml version="1.0" encoding="UTF-8"?>
<!-- Generated by org.testng.reporters.JUnitReportReporter -->
<testsuite hostname="Arun" failures="0" tests="1" name="test.TC_007_LogoutTest" time="8.501" errors="0" timestamp="2025-05-22T14:31:47 IST" skipped="0">
  <testcase classname="test.TC_007_LogoutTest" name="LogoutTest" time="8.501"/>
</testsuite> <!-- test.TC_007_LogoutTest -->
