<?xml version="1.0" encoding="UTF-8"?>
<!-- Generated by org.testng.reporters.JUnitReportReporter -->
<testsuite hostname="Arun" failures="0" tests="4" name="test.TC_002_LoginPage" time="25.832" errors="0" timestamp="2025-05-06T20:51:35 IST" skipped="0">
  <testcase classname="test.TC_002_LoginPage" name="loginTest" time="7.173"/>
  <testcase classname="test.TC_002_LoginPage" name="loginTest" time="5.487"/>
  <testcase classname="test.TC_002_LoginPage" name="loginTest" time="6.683"/>
  <testcase classname="test.TC_002_LoginPage" name="loginTest" time="6.489"/>
</testsuite> <!-- test.TC_002_LoginPage -->
