<?xml version="1.0" encoding="UTF-8"?>
<!-- Generated by org.testng.reporters.JUnitReportReporter -->
<testsuite hostname="Arun" failures="0" tests="4" name="test.TC_002_LoginTest" time="22.622" errors="0" timestamp="2025-05-22T14:31:47 IST" skipped="0">
  <testcase classname="test.TC_002_LoginTest" name="loginTest" time="5.679"/>
  <testcase classname="test.TC_002_LoginTest" name="loginTest" time="5.110"/>
  <testcase classname="test.TC_002_LoginTest" name="loginTest" time="5.458"/>
  <testcase classname="test.TC_002_LoginTest" name="loginTest" time="6.375"/>
</testsuite> <!-- test.TC_002_LoginTest -->
