<?xml version="1.0" encoding="UTF-8"?>
<!-- Generated by org.testng.reporters.JUnitReportReporter -->
<testsuite hostname="Arun" failures="0" tests="1" name="test.TC_001_SignupTest" time="10.829" errors="0" timestamp="2025-05-21T16:01:12 IST" skipped="0">
  <testcase classname="test.TC_001_SignupTest" name="signupTest" time="10.829"/>
</testsuite> <!-- test.TC_001_SignupTest -->
