<?xml version="1.0" encoding="UTF-8"?>
<!-- Generated by org.testng.reporters.JUnitReportReporter -->
<testsuite hostname="Arun" failures="0" tests="1" name="test.TC_007_LogoutPage" time="44.922" errors="0" timestamp="2025-05-08T22:18:36 IST" skipped="0">
  <testcase classname="test.TC_007_LogoutPage" name="LogoutTest" time="44.922"/>
</testsuite> <!-- test.TC_007_LogoutPage -->
