<?xml version="1.0" encoding="UTF-8"?>
<!-- Generated by org.testng.reporters.JUnitReportReporter -->
<testsuite hostname="Arun" failures="0" tests="1" name="test.TC_006_ContactDeletePage" time="30.310" errors="0" timestamp="2025-05-08T22:20:11 IST" skipped="0">
  <testcase classname="test.TC_006_ContactDeletePage" name="ContactDeletionTest" time="30.310"/>
</testsuite> <!-- test.TC_006_ContactDeletePage -->
